<?xml version="1.0" encoding="UTF-8"?>
<!-- Generated by org.testng.reporters.JUnitReportReporter -->
<testsuite hostname="DESKTOP-32DJGKR" failures="0" tests="2" name="TestCases.MyAppiumTest" time="0.020" errors="0" timestamp="2019-12-29T19:07:17 IST" skipped="0">
  <testcase classname="TestCases.MyAppiumTest" name="nativeAppAndroid1" time="0.002"/>
  <testcase classname="TestCases.MyAppiumTest" name="iosApp1s" time="0.018"/>
</testsuite> <!-- TestCases.MyAppiumTest -->
