<?xml version="1.0" encoding="UTF-8"?>
<!-- Generated by org.testng.reporters.JUnitReportReporter -->
<testsuite hostname="DESKTOP-32DJGKR" failures="0" tests="2" name="TestCases.Test2" time="0.003" errors="0" timestamp="2019-12-29T19:52:26 IST" skipped="0">
  <testcase classname="TestCases.Test2" name="uiELements1" time="0.000"/>
  <testcase classname="TestCases.Test2" name="browserAutomation1" time="0.003"/>
</testsuite> <!-- TestCases.Test2 -->
