<?xml version="1.0" encoding="UTF-8"?>
<!-- Generated by org.testng.reporters.JUnitReportReporter -->
<testsuite hostname="DESKTOP-32DJGKR" failures="0" tests="2" name="TestCases.SeleniumTest" time="0.005" errors="0" timestamp="2019-12-29T19:52:26 IST" skipped="0">
  <testcase classname="TestCases.SeleniumTest" name="iosApps" time="0.004"/>
  <testcase classname="TestCases.SeleniumTest" name="nativeAppAndroid" time="0.001"/>
</testsuite> <!-- TestCases.SeleniumTest -->
