<?xml version="1.0" encoding="UTF-8"?>
<!-- Generated by org.testng.reporters.JUnitReportReporter -->
<testsuite hostname="DESKTOP-32DJGKR" failures="0" tests="2" name="TestCases.AppiumTest" time="0.020" errors="0" timestamp="2019-12-29T19:52:26 IST" skipped="0">
  <testcase classname="TestCases.AppiumTest" name="nativeAppAndroid" time="0.000"/>
  <testcase classname="TestCases.AppiumTest" name="iosApps" time="0.020"/>
</testsuite> <!-- TestCases.AppiumTest -->
